2020-11-30 18:32:47,443 INFO org.springframework.boot.StartupInfoLogger [main] Starting Application using Java 1.8.0_73 on MacBook-Pro-de-Carlos-Goicoechea-2.local with PID 3091 (/Users/carlos.goicoechea.local/Desktop/Formación/1. Curso Iniciación Spring Boot/Proyectos/springboot-course-starter/target/classes started by carlos.goicoechea.local in /Users/carlos.goicoechea.local/Desktop/Formación/1. Curso Iniciación Spring Boot/Proyectos/springboot-course-starter)
2020-11-30 18:32:47,448 INFO org.springframework.boot.SpringApplication [main] The following profiles are active: dev
2020-11-30 18:32:48,113 INFO org.springframework.boot.web.embedded.tomcat.TomcatWebServer [main] Tomcat initialized with port(s): 8080 (http)
2020-11-30 18:32:48,120 INFO org.apache.juli.logging.DirectJDKLog [main] Initializing ProtocolHandler ["http-nio-8080"]
2020-11-30 18:32:48,121 INFO org.apache.juli.logging.DirectJDKLog [main] Starting service [Tomcat]
2020-11-30 18:32:48,121 INFO org.apache.juli.logging.DirectJDKLog [main] Starting Servlet engine: [Apache Tomcat/9.0.39]
2020-11-30 18:32:48,163 INFO org.apache.juli.logging.DirectJDKLog [main] Initializing Spring embedded WebApplicationContext
2020-11-30 18:32:48,164 INFO org.springframework.boot.web.servlet.context.ServletWebServerApplicationContext [main] Root WebApplicationContext: initialization completed in 650 ms
2020-11-30 18:32:48,287 INFO org.springframework.scheduling.concurrent.ExecutorConfigurationSupport [main] Initializing ExecutorService 'applicationTaskExecutor'
2020-11-30 18:32:48,384 INFO org.apache.juli.logging.DirectJDKLog [main] Starting ProtocolHandler ["http-nio-8080"]
2020-11-30 18:32:48,407 INFO org.springframework.boot.web.embedded.tomcat.TomcatWebServer [main] Tomcat started on port(s): 8080 (http) with context path '/api/v1'
2020-11-30 18:32:48,420 INFO org.springframework.boot.StartupInfoLogger [main] Started Application in 1.634 seconds (JVM running for 1.933)
2020-11-30 18:32:48,423 INFO com.course.springboot.starter.springbootstarter.application.Application [main] 
----------------------------------------------------------
	Application 'springboot-course-starter' is running! Access URLs:
	Local: 		http://localhost:8080
	External: 	http://127.0.0.1:8080
	Profile(s): 	[dev]
----------------------------------------------------------
2020-11-30 18:33:02,278 INFO org.apache.juli.logging.DirectJDKLog [http-nio-8080-exec-1] Initializing Spring DispatcherServlet 'dispatcherServlet'
2020-11-30 18:33:02,279 INFO org.springframework.web.servlet.FrameworkServlet [http-nio-8080-exec-1] Initializing Servlet 'dispatcherServlet'
2020-11-30 18:33:02,280 INFO org.springframework.web.servlet.FrameworkServlet [http-nio-8080-exec-1] Completed initialization in 1 ms
2020-11-30 18:34:07,294 INFO org.springframework.scheduling.concurrent.ExecutorConfigurationSupport [SpringContextShutdownHook] Shutting down ExecutorService 'applicationTaskExecutor'
2020-11-30 18:34:14,456 INFO org.springframework.boot.StartupInfoLogger [main] Starting Application using Java 1.8.0_73 on MacBook-Pro-de-Carlos-Goicoechea-2.local with PID 3129 (/Users/carlos.goicoechea.local/Desktop/Formación/1. Curso Iniciación Spring Boot/Proyectos/springboot-course-starter/target/classes started by carlos.goicoechea.local in /Users/carlos.goicoechea.local/Desktop/Formación/1. Curso Iniciación Spring Boot/Proyectos/springboot-course-starter)
2020-11-30 18:34:14,459 INFO org.springframework.boot.SpringApplication [main] The following profiles are active: dev
2020-11-30 18:34:15,104 INFO org.springframework.boot.web.embedded.tomcat.TomcatWebServer [main] Tomcat initialized with port(s): 8080 (http)
2020-11-30 18:34:15,112 INFO org.apache.juli.logging.DirectJDKLog [main] Initializing ProtocolHandler ["http-nio-8080"]
2020-11-30 18:34:15,113 INFO org.apache.juli.logging.DirectJDKLog [main] Starting service [Tomcat]
2020-11-30 18:34:15,113 INFO org.apache.juli.logging.DirectJDKLog [main] Starting Servlet engine: [Apache Tomcat/9.0.39]
2020-11-30 18:34:15,157 INFO org.apache.juli.logging.DirectJDKLog [main] Initializing Spring embedded WebApplicationContext
2020-11-30 18:34:15,157 INFO org.springframework.boot.web.servlet.context.ServletWebServerApplicationContext [main] Root WebApplicationContext: initialization completed in 649 ms
2020-11-30 18:34:15,281 INFO org.springframework.scheduling.concurrent.ExecutorConfigurationSupport [main] Initializing ExecutorService 'applicationTaskExecutor'
2020-11-30 18:34:15,382 INFO org.apache.juli.logging.DirectJDKLog [main] Starting ProtocolHandler ["http-nio-8080"]
2020-11-30 18:34:15,403 INFO org.springframework.boot.web.embedded.tomcat.TomcatWebServer [main] Tomcat started on port(s): 8080 (http) with context path '/api/v1'
2020-11-30 18:34:15,416 INFO org.springframework.boot.StartupInfoLogger [main] Started Application in 1.363 seconds (JVM running for 1.667)
2020-11-30 18:34:15,418 INFO com.course.springboot.starter.springbootstarter.application.Application [main] 
----------------------------------------------------------
	Application 'springboot-course-starter' is running! Access URLs:
	Local: 		http://localhost:8080
	External: 	http://127.0.0.1:8080
	Profile(s): 	[dev]
----------------------------------------------------------
2020-11-30 18:34:16,838 INFO org.springframework.scheduling.concurrent.ExecutorConfigurationSupport [SpringContextShutdownHook] Shutting down ExecutorService 'applicationTaskExecutor'
2020-11-30 18:34:22,322 INFO org.springframework.boot.StartupInfoLogger [main] Starting Application using Java 1.8.0_73 on MacBook-Pro-de-Carlos-Goicoechea-2.local with PID 3152 (/Users/carlos.goicoechea.local/Desktop/Formación/1. Curso Iniciación Spring Boot/Proyectos/springboot-course-starter/target/classes started by carlos.goicoechea.local in /Users/carlos.goicoechea.local/Desktop/Formación/1. Curso Iniciación Spring Boot/Proyectos/springboot-course-starter)
2020-11-30 18:34:22,326 INFO org.springframework.boot.SpringApplication [main] The following profiles are active: pro
2020-11-30 18:34:22,960 INFO org.springframework.boot.web.embedded.tomcat.TomcatWebServer [main] Tomcat initialized with port(s): 9080 (http)
2020-11-30 18:34:22,968 INFO org.apache.juli.logging.DirectJDKLog [main] Initializing ProtocolHandler ["http-nio-9080"]
2020-11-30 18:34:22,969 INFO org.apache.juli.logging.DirectJDKLog [main] Starting service [Tomcat]
2020-11-30 18:34:22,969 INFO org.apache.juli.logging.DirectJDKLog [main] Starting Servlet engine: [Apache Tomcat/9.0.39]
2020-11-30 18:34:23,012 INFO org.apache.juli.logging.DirectJDKLog [main] Initializing Spring embedded WebApplicationContext
2020-11-30 18:34:23,012 INFO org.springframework.boot.web.servlet.context.ServletWebServerApplicationContext [main] Root WebApplicationContext: initialization completed in 638 ms
2020-11-30 18:34:23,139 INFO org.springframework.scheduling.concurrent.ExecutorConfigurationSupport [main] Initializing ExecutorService 'applicationTaskExecutor'
2020-11-30 18:34:23,241 INFO org.apache.juli.logging.DirectJDKLog [main] Starting ProtocolHandler ["http-nio-9080"]
2020-11-30 18:34:23,264 INFO org.springframework.boot.web.embedded.tomcat.TomcatWebServer [main] Tomcat started on port(s): 9080 (http) with context path '/api/v1'
2020-11-30 18:34:23,274 INFO org.springframework.boot.StartupInfoLogger [main] Started Application in 1.342 seconds (JVM running for 1.631)
2020-11-30 18:34:23,277 INFO com.course.springboot.starter.springbootstarter.application.Application [main] 
----------------------------------------------------------
	Application 'springboot-course-starter' is running! Access URLs:
	Local: 		http://localhost:9080
	External: 	http://127.0.0.1:9080
	Profile(s): 	[pro]
----------------------------------------------------------
2020-11-30 18:34:24,972 INFO org.springframework.scheduling.concurrent.ExecutorConfigurationSupport [SpringContextShutdownHook] Shutting down ExecutorService 'applicationTaskExecutor'
2020-11-30 18:35:03,273 INFO org.springframework.boot.StartupInfoLogger [main] Starting Application using Java 1.8.0_73 on MacBook-Pro-de-Carlos-Goicoechea-2.local with PID 3191 (/Users/carlos.goicoechea.local/Desktop/Formación/1. Curso Iniciación Spring Boot/Proyectos/springboot-course-starter/target/classes started by carlos.goicoechea.local in /Users/carlos.goicoechea.local/Desktop/Formación/1. Curso Iniciación Spring Boot/Proyectos/springboot-course-starter)
2020-11-30 18:35:03,276 INFO org.springframework.boot.SpringApplication [main] The following profiles are active: dev
2020-11-30 18:35:03,772 INFO com.course.springboot.starter.springbootstarter.config.ApplicationConfig [main] Set Locale to: en
2020-11-30 18:35:03,929 INFO org.springframework.boot.web.embedded.tomcat.TomcatWebServer [main] Tomcat initialized with port(s): 8080 (http)
2020-11-30 18:35:03,937 INFO org.apache.juli.logging.DirectJDKLog [main] Initializing ProtocolHandler ["http-nio-8080"]
2020-11-30 18:35:03,938 INFO org.apache.juli.logging.DirectJDKLog [main] Starting service [Tomcat]
2020-11-30 18:35:03,939 INFO org.apache.juli.logging.DirectJDKLog [main] Starting Servlet engine: [Apache Tomcat/9.0.39]
2020-11-30 18:35:03,977 INFO org.apache.juli.logging.DirectJDKLog [main] Initializing Spring embedded WebApplicationContext
2020-11-30 18:35:03,977 INFO org.springframework.boot.web.servlet.context.ServletWebServerApplicationContext [main] Root WebApplicationContext: initialization completed in 662 ms
2020-11-30 18:35:04,102 INFO org.springframework.scheduling.concurrent.ExecutorConfigurationSupport [main] Initializing ExecutorService 'applicationTaskExecutor'
2020-11-30 18:35:04,201 INFO org.apache.juli.logging.DirectJDKLog [main] Starting ProtocolHandler ["http-nio-8080"]
2020-11-30 18:35:04,222 INFO org.springframework.boot.web.embedded.tomcat.TomcatWebServer [main] Tomcat started on port(s): 8080 (http) with context path '/api/v1'
2020-11-30 18:35:04,235 INFO org.springframework.boot.StartupInfoLogger [main] Started Application in 1.561 seconds (JVM running for 1.852)
2020-11-30 18:35:04,238 INFO com.course.springboot.starter.springbootstarter.application.Application [main] 
----------------------------------------------------------
	Application 'springboot-course-starter' is running! Access URLs:
	Local: 		http://localhost:8080
	External: 	http://127.0.0.1:8080
	Profile(s): 	[dev]
----------------------------------------------------------
2020-11-30 18:35:18,367 INFO org.apache.juli.logging.DirectJDKLog [http-nio-8080-exec-1] Initializing Spring DispatcherServlet 'dispatcherServlet'
2020-11-30 18:35:18,367 INFO org.springframework.web.servlet.FrameworkServlet [http-nio-8080-exec-1] Initializing Servlet 'dispatcherServlet'
2020-11-30 18:35:18,369 INFO org.springframework.web.servlet.FrameworkServlet [http-nio-8080-exec-1] Completed initialization in 1 ms
2020-11-30 18:35:53,175 INFO org.springframework.scheduling.concurrent.ExecutorConfigurationSupport [SpringContextShutdownHook] Shutting down ExecutorService 'applicationTaskExecutor'
2020-11-30 18:35:58,213 INFO org.springframework.boot.StartupInfoLogger [main] Starting Application using Java 1.8.0_73 on MacBook-Pro-de-Carlos-Goicoechea-2.local with PID 3223 (/Users/carlos.goicoechea.local/Desktop/Formación/1. Curso Iniciación Spring Boot/Proyectos/springboot-course-starter/target/classes started by carlos.goicoechea.local in /Users/carlos.goicoechea.local/Desktop/Formación/1. Curso Iniciación Spring Boot/Proyectos/springboot-course-starter)
2020-11-30 18:35:58,215 INFO org.springframework.boot.SpringApplication [main] The following profiles are active: dev
2020-11-30 18:35:58,718 INFO com.course.springboot.starter.springbootstarter.config.ApplicationConfig [main] Set Locale to: es
2020-11-30 18:35:58,878 INFO org.springframework.boot.web.embedded.tomcat.TomcatWebServer [main] Tomcat initialized with port(s): 8080 (http)
2020-11-30 18:35:58,885 INFO org.apache.juli.logging.DirectJDKLog [main] Initializing ProtocolHandler ["http-nio-8080"]
2020-11-30 18:35:58,886 INFO org.apache.juli.logging.DirectJDKLog [main] Starting service [Tomcat]
2020-11-30 18:35:58,886 INFO org.apache.juli.logging.DirectJDKLog [main] Starting Servlet engine: [Apache Tomcat/9.0.39]
2020-11-30 18:35:58,927 INFO org.apache.juli.logging.DirectJDKLog [main] Initializing Spring embedded WebApplicationContext
2020-11-30 18:35:58,927 INFO org.springframework.boot.web.servlet.context.ServletWebServerApplicationContext [main] Root WebApplicationContext: initialization completed in 664 ms
2020-11-30 18:35:59,046 INFO org.springframework.scheduling.concurrent.ExecutorConfigurationSupport [main] Initializing ExecutorService 'applicationTaskExecutor'
2020-11-30 18:35:59,146 INFO org.apache.juli.logging.DirectJDKLog [main] Starting ProtocolHandler ["http-nio-8080"]
2020-11-30 18:35:59,167 INFO org.springframework.boot.web.embedded.tomcat.TomcatWebServer [main] Tomcat started on port(s): 8080 (http) with context path '/api/v1'
2020-11-30 18:35:59,179 INFO org.springframework.boot.StartupInfoLogger [main] Started Application in 1.361 seconds (JVM running for 1.66)
2020-11-30 18:35:59,182 INFO com.course.springboot.starter.springbootstarter.application.Application [main] 
----------------------------------------------------------
	Application 'springboot-course-starter' is running! Access URLs:
	Local: 		http://localhost:8080
	External: 	http://127.0.0.1:8080
	Profile(s): 	[dev]
----------------------------------------------------------
2020-11-30 18:36:10,556 INFO org.apache.juli.logging.DirectJDKLog [http-nio-8080-exec-1] Initializing Spring DispatcherServlet 'dispatcherServlet'
2020-11-30 18:36:10,556 INFO org.springframework.web.servlet.FrameworkServlet [http-nio-8080-exec-1] Initializing Servlet 'dispatcherServlet'
2020-11-30 18:36:10,557 INFO org.springframework.web.servlet.FrameworkServlet [http-nio-8080-exec-1] Completed initialization in 1 ms
2020-11-30 18:36:16,125 INFO org.springframework.scheduling.concurrent.ExecutorConfigurationSupport [SpringContextShutdownHook] Shutting down ExecutorService 'applicationTaskExecutor'
2024-10-30 17:43:42,152 INFO org.springframework.boot.StartupInfoLogger [main] Starting ApplicationTests using Java 1.8.0_202 on DESKTOP-LEUVM1B with PID 24452 (started by soak_ in D:\Proyectos\springboot-course-starter-master)
2024-10-30 17:43:42,189 INFO org.springframework.boot.SpringApplication [main] The following profiles are active: dev
2024-10-30 17:43:44,398 INFO com.course.springboot.starter.springbootstarter.config.ApplicationConfig [main] Set Locale to: en
2024-10-30 17:43:45,407 INFO org.springframework.scheduling.concurrent.ExecutorConfigurationSupport [main] Initializing ExecutorService 'applicationTaskExecutor'
2024-10-30 17:43:46,066 INFO org.springframework.boot.StartupInfoLogger [main] Started ApplicationTests in 4.885 seconds (JVM running for 8.392)
2024-10-30 17:43:46,795 INFO org.springframework.scheduling.concurrent.ExecutorConfigurationSupport [SpringContextShutdownHook] Shutting down ExecutorService 'applicationTaskExecutor'
